<?xml version="1.0" encoding="UTF-8"?>
<testsuites>
  <testsuite name="fastlane.lanes">
    
    
    
      
      <testcase classname="fastlane.lanes" name="00: Verifying fastlane version" time="0.003159">
        
      </testcase>
    
      
      <testcase classname="fastlane.lanes" name="01: default_platform" time="0.002444">
        
      </testcase>
    
      
      <testcase classname="fastlane.lanes" name="02: slack_train_start" time="0.003094">
        
      </testcase>
    
      
      <testcase classname="fastlane.lanes" name="03: Switch to android slackSendMessage lane" time="0.001111">
        
      </testcase>
    
      
      <testcase classname="fastlane.lanes" name="04: slack" time="0.468443">
        
      </testcase>
    
      
      <testcase classname="fastlane.lanes" name="05: slack_train" time="0.484876">
        
      </testcase>
    
      
      <testcase classname="fastlane.lanes" name="06: ./PostBuildStatus.sh 23 http://viewlifttoolsupgrad-qa.us-east-1.elasticbeanstalk.com/snagfilmsdsa/android/appcms/build/status 'BUILD_PROGRESS' 'NO ERROR' 'Cleaning the Project' 30 false 0" time="0.5204">
        
      </testcase>
    
      
      <testcase classname="fastlane.lanes" name="07: gradle" time="8.132316">
        
      </testcase>
    
      
      <testcase classname="fastlane.lanes" name="08: slack_train" time="0.496487">
        
      </testcase>
    
      
      <testcase classname="fastlane.lanes" name="09: ./PostBuildStatus.sh 23 http://viewlifttoolsupgrad-qa.us-east-1.elasticbeanstalk.com/snagfilmsdsa/android/appcms/build/status 'BUILD_PROGRESS' 'NO ERROR' 'Generating the Debug Build and preparing for unit test cases' 35 false 0" time="0.513185">
        
      </testcase>
    
      
      <testcase classname="fastlane.lanes" name="10: slack_train" time="0.45742">
        
      </testcase>
    
      
      <testcase classname="fastlane.lanes" name="11: gradle" time="58.328036">
        
      </testcase>
    
      
      <testcase classname="fastlane.lanes" name="12: ./PostBuildStatus.sh 23 http://viewlifttoolsupgrad-qa.us-east-1.elasticbeanstalk.com/snagfilmsdsa/android/appcms/build/status 'BUILD_PROGRESS' 'NO ERROR' 'Running the unit test cases' 40 false 0" time="0.873411">
        
      </testcase>
    
      
      <testcase classname="fastlane.lanes" name="13: slack_train" time="0.662551">
        
      </testcase>
    
      
      <testcase classname="fastlane.lanes" name="14: gradle" time="28.348458">
        
      </testcase>
    
      
      <testcase classname="fastlane.lanes" name="15: ./PostBuildStatus.sh 23 http://viewlifttoolsupgrad-qa.us-east-1.elasticbeanstalk.com/snagfilmsdsa/android/appcms/build/status 'BUILD_PROGRESS' 'NO ERROR' 'Capturing the Phone screenshots' 45 false 0" time="0.50606">
        
      </testcase>
    
      
      <testcase classname="fastlane.lanes" name="16: slack_train" time="0.748784">
        
      </testcase>
    
      
      <testcase classname="fastlane.lanes" name="17: Switch to android phones_screenshots lane" time="0.002308">
        
      </testcase>
    
      
      <testcase classname="fastlane.lanes" name="18: adb -s emulator-5554 shell input keyevent 82" time="0.02425">
        
          <failure message="/Library/Ruby/Gems/2.3.0/gems/fastlane-2.81.0/fastlane/lib/fastlane/actions/actions_helper.rb:48:in `execute_action'&#10;/Library/Ruby/Gems/2.3.0/gems/fastlane-2.81.0/fastlane/lib/fastlane/fast_file.rb:185:in `sh'&#10;/Library/Ruby/Gems/2.3.0/gems/fastlane-2.81.0/fastlane/lib/fastlane/fast_file.rb:180:in `sh'&#10;Fastfile:275:in `block (2 levels) in parsing_binding'&#10;/Library/Ruby/Gems/2.3.0/gems/fastlane-2.81.0/fastlane/lib/fastlane/lane.rb:33:in `call'&#10;/Library/Ruby/Gems/2.3.0/gems/fastlane-2.81.0/fastlane/lib/fastlane/runner.rb:204:in `try_switch_to_lane'&#10;/Library/Ruby/Gems/2.3.0/gems/fastlane-2.81.0/fastlane/lib/fastlane/runner.rb:146:in `trigger_action_by_name'&#10;/Library/Ruby/Gems/2.3.0/gems/fastlane-2.81.0/fastlane/lib/fastlane/fast_file.rb:148:in `method_missing'&#10;Fastfile:92:in `block (2 levels) in parsing_binding'&#10;/Library/Ruby/Gems/2.3.0/gems/fastlane-2.81.0/fastlane/lib/fastlane/lane.rb:33:in `call'&#10;/Library/Ruby/Gems/2.3.0/gems/fastlane-2.81.0/fastlane/lib/fastlane/runner.rb:49:in `block in execute'&#10;/Library/Ruby/Gems/2.3.0/gems/fastlane-2.81.0/fastlane/lib/fastlane/runner.rb:45:in `chdir'&#10;/Library/Ruby/Gems/2.3.0/gems/fastlane-2.81.0/fastlane/lib/fastlane/runner.rb:45:in `execute'&#10;/Library/Ruby/Gems/2.3.0/gems/fastlane-2.81.0/fastlane/lib/fastlane/lane_manager.rb:56:in `cruise_lane'&#10;/Library/Ruby/Gems/2.3.0/gems/fastlane-2.81.0/fastlane/lib/fastlane/command_line_handler.rb:36:in `handle'&#10;/Library/Ruby/Gems/2.3.0/gems/fastlane-2.81.0/fastlane/lib/fastlane/commands_generator.rb:108:in `block (2 levels) in run'&#10;/Library/Ruby/Gems/2.3.0/gems/commander-fastlane-4.4.6/lib/commander/command.rb:178:in `call'&#10;/Library/Ruby/Gems/2.3.0/gems/commander-fastlane-4.4.6/lib/commander/command.rb:153:in `run'&#10;/Library/Ruby/Gems/2.3.0/gems/commander-fastlane-4.4.6/lib/commander/runner.rb:476:in `run_active_command'&#10;/Library/Ruby/Gems/2.3.0/gems/fastlane-2.81.0/fastlane_core/lib/fastlane_core/ui/fastlane_runner.rb:75:in `run!'&#10;/Library/Ruby/Gems/2.3.0/gems/commander-fastlane-4.4.6/lib/commander/delegates.rb:15:in `run!'&#10;/Library/Ruby/Gems/2.3.0/gems/fastlane-2.81.0/fastlane/lib/fastlane/commands_generator.rb:337:in `run'&#10;/Library/Ruby/Gems/2.3.0/gems/fastlane-2.81.0/fastlane/lib/fastlane/commands_generator.rb:42:in `start'&#10;/Library/Ruby/Gems/2.3.0/gems/fastlane-2.81.0/fastlane/lib/fastlane/cli_tools_distributor.rb:98:in `take_off'&#10;/Library/Ruby/Gems/2.3.0/gems/fastlane-2.81.0/bin/fastlane:20:in `&lt;top (required)&gt;'&#10;/usr/local/bin/fastlane:22:in `load'&#10;/usr/local/bin/fastlane:22:in `&lt;main&gt;'&#10;&#10;Exit status of command 'adb -s emulator-5554 shell input keyevent 82' was 1 instead of 0.&#10;error: device 'emulator-5554' not found&#10;" />
        
      </testcase>
    
      
      <testcase classname="fastlane.lanes" name="19: ./PostBuildStatus.sh 23 http://viewlifttoolsupgrad-qa.us-east-1.elasticbeanstalk.com/snagfilmsdsa/android/appcms/build/status 'BUILD_PROGRESS' 'NO ERROR' 'Capturing the Tablet Screenshots' 50 false 0" time="0.503008">
        
      </testcase>
    
      
      <testcase classname="fastlane.lanes" name="20: slack_train" time="0.461782">
        
      </testcase>
    
      
      <testcase classname="fastlane.lanes" name="21: Switch to android teninchtablet_screenshots lane" time="0.001765">
        
      </testcase>
    
      
      <testcase classname="fastlane.lanes" name="22: adb -s emulator-5556 shell input keyevent 82" time="0.017887">
        
          <failure message="/Library/Ruby/Gems/2.3.0/gems/fastlane-2.81.0/fastlane/lib/fastlane/actions/actions_helper.rb:48:in `execute_action'&#10;/Library/Ruby/Gems/2.3.0/gems/fastlane-2.81.0/fastlane/lib/fastlane/fast_file.rb:185:in `sh'&#10;/Library/Ruby/Gems/2.3.0/gems/fastlane-2.81.0/fastlane/lib/fastlane/fast_file.rb:180:in `sh'&#10;Fastfile:307:in `block (2 levels) in parsing_binding'&#10;/Library/Ruby/Gems/2.3.0/gems/fastlane-2.81.0/fastlane/lib/fastlane/lane.rb:33:in `call'&#10;/Library/Ruby/Gems/2.3.0/gems/fastlane-2.81.0/fastlane/lib/fastlane/runner.rb:204:in `try_switch_to_lane'&#10;/Library/Ruby/Gems/2.3.0/gems/fastlane-2.81.0/fastlane/lib/fastlane/runner.rb:146:in `trigger_action_by_name'&#10;/Library/Ruby/Gems/2.3.0/gems/fastlane-2.81.0/fastlane/lib/fastlane/fast_file.rb:148:in `method_missing'&#10;Fastfile:103:in `block (2 levels) in parsing_binding'&#10;/Library/Ruby/Gems/2.3.0/gems/fastlane-2.81.0/fastlane/lib/fastlane/lane.rb:33:in `call'&#10;/Library/Ruby/Gems/2.3.0/gems/fastlane-2.81.0/fastlane/lib/fastlane/runner.rb:49:in `block in execute'&#10;/Library/Ruby/Gems/2.3.0/gems/fastlane-2.81.0/fastlane/lib/fastlane/runner.rb:45:in `chdir'&#10;/Library/Ruby/Gems/2.3.0/gems/fastlane-2.81.0/fastlane/lib/fastlane/runner.rb:45:in `execute'&#10;/Library/Ruby/Gems/2.3.0/gems/fastlane-2.81.0/fastlane/lib/fastlane/lane_manager.rb:56:in `cruise_lane'&#10;/Library/Ruby/Gems/2.3.0/gems/fastlane-2.81.0/fastlane/lib/fastlane/command_line_handler.rb:36:in `handle'&#10;/Library/Ruby/Gems/2.3.0/gems/fastlane-2.81.0/fastlane/lib/fastlane/commands_generator.rb:108:in `block (2 levels) in run'&#10;/Library/Ruby/Gems/2.3.0/gems/commander-fastlane-4.4.6/lib/commander/command.rb:178:in `call'&#10;/Library/Ruby/Gems/2.3.0/gems/commander-fastlane-4.4.6/lib/commander/command.rb:153:in `run'&#10;/Library/Ruby/Gems/2.3.0/gems/commander-fastlane-4.4.6/lib/commander/runner.rb:476:in `run_active_command'&#10;/Library/Ruby/Gems/2.3.0/gems/fastlane-2.81.0/fastlane_core/lib/fastlane_core/ui/fastlane_runner.rb:75:in `run!'&#10;/Library/Ruby/Gems/2.3.0/gems/commander-fastlane-4.4.6/lib/commander/delegates.rb:15:in `run!'&#10;/Library/Ruby/Gems/2.3.0/gems/fastlane-2.81.0/fastlane/lib/fastlane/commands_generator.rb:337:in `run'&#10;/Library/Ruby/Gems/2.3.0/gems/fastlane-2.81.0/fastlane/lib/fastlane/commands_generator.rb:42:in `start'&#10;/Library/Ruby/Gems/2.3.0/gems/fastlane-2.81.0/fastlane/lib/fastlane/cli_tools_distributor.rb:98:in `take_off'&#10;/Library/Ruby/Gems/2.3.0/gems/fastlane-2.81.0/bin/fastlane:20:in `&lt;top (required)&gt;'&#10;/usr/local/bin/fastlane:22:in `load'&#10;/usr/local/bin/fastlane:22:in `&lt;main&gt;'&#10;&#10;Exit status of command 'adb -s emulator-5556 shell input keyevent 82' was 1 instead of 0.&#10;error: device 'emulator-5556' not found&#10;" />
        
      </testcase>
    
      
      <testcase classname="fastlane.lanes" name="23: ./PostBuildStatus.sh 23 http://viewlifttoolsupgrad-qa.us-east-1.elasticbeanstalk.com/snagfilmsdsa/android/appcms/build/status 'BUILD_PROGRESS' 'NO ERROR' 'Creating the Release Build' 55 false 0" time="0.51829">
        
      </testcase>
    
      
      <testcase classname="fastlane.lanes" name="24: slack_train" time="1.036877">
        
      </testcase>
    
      
      <testcase classname="fastlane.lanes" name="25: gradle" time="66.812499">
        
      </testcase>
    
      
      <testcase classname="fastlane.lanes" name="26: ./PostBuildStatus.sh 23 http://viewlifttoolsupgrad-qa.us-east-1.elasticbeanstalk.com/snagfilmsdsa/android/appcms/build/status 'BUILD_PROGRESS' 'NO ERROR' 'Generating the Signed Build with unique keystore' 62 false 0" time="0.990453">
        
      </testcase>
    
      
      <testcase classname="fastlane.lanes" name="27: slack_train" time="1.068081">
        
      </testcase>
    
      
      <testcase classname="fastlane.lanes" name="28: sign_apk" time="11.970438">
        
      </testcase>
    
      
      <testcase classname="fastlane.lanes" name="29: slack_train" time="0.615138">
        
      </testcase>
    
      
      <testcase classname="fastlane.lanes" name="30: ./PostBuildStatus.sh 23 http://viewlifttoolsupgrad-qa.us-east-1.elasticbeanstalk.com/snagfilmsdsa/android/appcms/build/status 'BUILD_PROGRESS' 'NO ERROR' 'Optimizing and Zip Alignining the Build for reducing the Build Size' 65 false 0" time="0.523136">
        
      </testcase>
    
      
      <testcase classname="fastlane.lanes" name="31: slack_train" time="0.48337">
        
      </testcase>
    
      
      <testcase classname="fastlane.lanes" name="32: zipalign" time="0.601495">
        
      </testcase>
    
      
      <testcase classname="fastlane.lanes" name="33: slack_train" time="0.478576">
        
      </testcase>
    
      
      <testcase classname="fastlane.lanes" name="34: Switch to android slackSendMessage lane" time="0.001459">
        
      </testcase>
    
      
      <testcase classname="fastlane.lanes" name="35: slack" time="0.436508">
        
      </testcase>
    
  </testsuite>
</testsuites>
